2018-01-17 15:09:16,143 [localhost-startStop-1] [org.springframework.web.servlet.DispatcherServlet] [INFO] - FrameworkServlet 'dispatcher': initialization started
2018-01-17 15:09:16,168 [localhost-startStop-1] [org.springframework.web.context.support.XmlWebApplicationContext] [INFO] - Refreshing WebApplicationContext for namespace 'dispatcher-servlet': startup date [Wed Jan 17 15:09:16 CST 2018]; root of context hierarchy
2018-01-17 15:09:16,218 [localhost-startStop-1] [org.springframework.beans.factory.xml.XmlBeanDefinitionReader] [INFO] - Loading XML bean definitions from URL [file:/F:/study/tomcat/webest/target/webest-1.0-SNAPSHOT/WEB-INF/classes/spring-mvc.xml]
2018-01-17 15:09:16,899 [localhost-startStop-1] [org.springframework.web.servlet.mvc.method.annotation.RequestMappingHandlerMapping] [INFO] - Mapped "{[/],methods=[],params=[],headers=[],consumes=[],produces=[],custom=[]}" onto public java.lang.String com.zy.controller.IndexController.index(org.springframework.ui.Model)
2018-01-17 15:09:16,900 [localhost-startStop-1] [org.springframework.web.servlet.mvc.method.annotation.RequestMappingHandlerMapping] [INFO] - Mapped "{[/index1],methods=[],params=[],headers=[],consumes=[],produces=[],custom=[]}" onto public java.lang.String com.zy.controller.IndexController.index1(org.springframework.ui.Model)
2018-01-17 15:09:16,908 [localhost-startStop-1] [org.springframework.web.servlet.mvc.method.annotation.RequestMappingHandlerMapping] [INFO] - Mapped "{[/test/fail],methods=[POST],params=[],headers=[],consumes=[],produces=[],custom=[]}" onto public java.lang.String com.zy.controller.PingPingPlusTest.fail(java.lang.Object)
2018-01-17 15:09:16,908 [localhost-startStop-1] [org.springframework.web.servlet.mvc.method.annotation.RequestMappingHandlerMapping] [INFO] - Mapped "{[/test/test1],methods=[],params=[],headers=[],consumes=[],produces=[],custom=[]}" onto public java.lang.String com.zy.controller.PingPingPlusTest.test()
2018-01-17 15:09:16,908 [localhost-startStop-1] [org.springframework.web.servlet.mvc.method.annotation.RequestMappingHandlerMapping] [INFO] - Mapped "{[/test/success],methods=[],params=[],headers=[],consumes=[],produces=[],custom=[]}" onto public java.lang.String com.zy.controller.PingPingPlusTest.success(java.lang.Object)
2018-01-17 15:09:16,909 [localhost-startStop-1] [org.springframework.web.servlet.mvc.method.annotation.RequestMappingHandlerMapping] [INFO] - Mapped "{[/test/order/webhook],methods=[POST],params=[],headers=[],consumes=[],produces=[],custom=[]}" onto public java.lang.String com.zy.controller.PingPingPlusTest.testtt(java.lang.String)
2018-01-17 15:09:16,909 [localhost-startStop-1] [org.springframework.web.servlet.mvc.method.annotation.RequestMappingHandlerMapping] [INFO] - Mapped "{[/index],methods=[],params=[],headers=[],consumes=[],produces=[],custom=[]}" onto public java.lang.String com.zy.controller.TestController.index(javax.servlet.http.HttpServletRequest,javax.servlet.http.HttpServletRequest)
2018-01-17 15:09:17,135 [localhost-startStop-1] [org.springframework.web.servlet.mvc.method.annotation.RequestMappingHandlerAdapter] [INFO] - Looking for @ControllerAdvice: WebApplicationContext for namespace 'dispatcher-servlet': startup date [Wed Jan 17 15:09:16 CST 2018]; root of context hierarchy
2018-01-17 15:09:17,199 [localhost-startStop-1] [org.springframework.web.servlet.mvc.method.annotation.RequestMappingHandlerAdapter] [INFO] - Looking for @ControllerAdvice: WebApplicationContext for namespace 'dispatcher-servlet': startup date [Wed Jan 17 15:09:16 CST 2018]; root of context hierarchy
2018-01-17 15:09:17,320 [localhost-startStop-1] [org.springframework.web.servlet.DispatcherServlet] [INFO] - FrameworkServlet 'dispatcher': initialization completed in 1174 ms
2018-01-17 15:09:26,901 [localhost-startStop-1] [org.springframework.web.servlet.DispatcherServlet] [INFO] - FrameworkServlet 'dispatcher': initialization started
2018-01-17 15:09:26,924 [localhost-startStop-1] [org.springframework.web.context.support.XmlWebApplicationContext] [INFO] - Refreshing WebApplicationContext for namespace 'dispatcher-servlet': startup date [Wed Jan 17 15:09:26 CST 2018]; root of context hierarchy
2018-01-17 15:09:26,972 [localhost-startStop-1] [org.springframework.beans.factory.xml.XmlBeanDefinitionReader] [INFO] - Loading XML bean definitions from URL [file:/F:/study/apache-tomcat-7.0.82-src/webapps/webest-1.0-SNAPSHOT/WEB-INF/classes/spring-mvc.xml]
2018-01-17 15:09:27,469 [localhost-startStop-1] [org.springframework.web.servlet.mvc.method.annotation.RequestMappingHandlerMapping] [INFO] - Mapped "{[/],methods=[],params=[],headers=[],consumes=[],produces=[],custom=[]}" onto public java.lang.String com.zy.controller.IndexController.index(org.springframework.ui.Model)
2018-01-17 15:09:27,470 [localhost-startStop-1] [org.springframework.web.servlet.mvc.method.annotation.RequestMappingHandlerMapping] [INFO] - Mapped "{[/index1],methods=[],params=[],headers=[],consumes=[],produces=[],custom=[]}" onto public java.lang.String com.zy.controller.IndexController.index1(org.springframework.ui.Model)
2018-01-17 15:09:27,477 [localhost-startStop-1] [org.springframework.web.servlet.mvc.method.annotation.RequestMappingHandlerMapping] [INFO] - Mapped "{[/test/fail],methods=[POST],params=[],headers=[],consumes=[],produces=[],custom=[]}" onto public java.lang.String com.zy.controller.PingPingPlusTest.fail(java.lang.Object)
2018-01-17 15:09:27,478 [localhost-startStop-1] [org.springframework.web.servlet.mvc.method.annotation.RequestMappingHandlerMapping] [INFO] - Mapped "{[/test/test1],methods=[],params=[],headers=[],consumes=[],produces=[],custom=[]}" onto public java.lang.String com.zy.controller.PingPingPlusTest.test()
2018-01-17 15:09:27,478 [localhost-startStop-1] [org.springframework.web.servlet.mvc.method.annotation.RequestMappingHandlerMapping] [INFO] - Mapped "{[/test/success],methods=[],params=[],headers=[],consumes=[],produces=[],custom=[]}" onto public java.lang.String com.zy.controller.PingPingPlusTest.success(java.lang.Object)
2018-01-17 15:09:27,478 [localhost-startStop-1] [org.springframework.web.servlet.mvc.method.annotation.RequestMappingHandlerMapping] [INFO] - Mapped "{[/test/order/webhook],methods=[POST],params=[],headers=[],consumes=[],produces=[],custom=[]}" onto public java.lang.String com.zy.controller.PingPingPlusTest.testtt(java.lang.String)
2018-01-17 15:09:27,479 [localhost-startStop-1] [org.springframework.web.servlet.mvc.method.annotation.RequestMappingHandlerMapping] [INFO] - Mapped "{[/index],methods=[],params=[],headers=[],consumes=[],produces=[],custom=[]}" onto public java.lang.String com.zy.controller.TestController.index(javax.servlet.http.HttpServletRequest,javax.servlet.http.HttpServletRequest)
2018-01-17 15:09:27,673 [localhost-startStop-1] [org.springframework.web.servlet.mvc.method.annotation.RequestMappingHandlerAdapter] [INFO] - Looking for @ControllerAdvice: WebApplicationContext for namespace 'dispatcher-servlet': startup date [Wed Jan 17 15:09:26 CST 2018]; root of context hierarchy
2018-01-17 15:09:27,732 [localhost-startStop-1] [org.springframework.web.servlet.mvc.method.annotation.RequestMappingHandlerAdapter] [INFO] - Looking for @ControllerAdvice: WebApplicationContext for namespace 'dispatcher-servlet': startup date [Wed Jan 17 15:09:26 CST 2018]; root of context hierarchy
2018-01-17 15:09:27,851 [localhost-startStop-1] [org.springframework.web.servlet.DispatcherServlet] [INFO] - FrameworkServlet 'dispatcher': initialization completed in 948 ms
2018-01-17 15:10:31,160 [http-bio-12309-exec-1] [org.springframework.web.servlet.PageNotFound] [WARN] - No mapping found for HTTP request with URI [/mvc/pay/payOrder] in DispatcherServlet with name 'dispatcher'
2018-01-17 15:11:28,171 [localhost-startStop-1] [org.springframework.web.servlet.DispatcherServlet] [INFO] - FrameworkServlet 'dispatcher': initialization started
2018-01-17 15:11:28,203 [localhost-startStop-1] [org.springframework.web.context.support.XmlWebApplicationContext] [INFO] - Refreshing WebApplicationContext for namespace 'dispatcher-servlet': startup date [Wed Jan 17 15:11:28 CST 2018]; root of context hierarchy
2018-01-17 15:11:28,251 [localhost-startStop-1] [org.springframework.beans.factory.xml.XmlBeanDefinitionReader] [INFO] - Loading XML bean definitions from URL [file:/F:/study/tomcat/webest/target/webest-1.0-SNAPSHOT/WEB-INF/classes/spring-mvc.xml]
2018-01-17 15:11:28,745 [localhost-startStop-1] [org.springframework.web.servlet.mvc.method.annotation.RequestMappingHandlerMapping] [INFO] - Mapped "{[/],methods=[],params=[],headers=[],consumes=[],produces=[],custom=[]}" onto public java.lang.String com.zy.controller.IndexController.index(org.springframework.ui.Model)
2018-01-17 15:11:28,745 [localhost-startStop-1] [org.springframework.web.servlet.mvc.method.annotation.RequestMappingHandlerMapping] [INFO] - Mapped "{[/index1],methods=[],params=[],headers=[],consumes=[],produces=[],custom=[]}" onto public java.lang.String com.zy.controller.IndexController.index1(org.springframework.ui.Model)
2018-01-17 15:11:28,752 [localhost-startStop-1] [org.springframework.web.servlet.mvc.method.annotation.RequestMappingHandlerMapping] [INFO] - Mapped "{[/test/fail],methods=[POST],params=[],headers=[],consumes=[],produces=[],custom=[]}" onto public java.lang.String com.zy.controller.PingPingPlusTest.fail(java.lang.Object)
2018-01-17 15:11:28,753 [localhost-startStop-1] [org.springframework.web.servlet.mvc.method.annotation.RequestMappingHandlerMapping] [INFO] - Mapped "{[/test/test1],methods=[],params=[],headers=[],consumes=[],produces=[],custom=[]}" onto public java.lang.String com.zy.controller.PingPingPlusTest.test()
2018-01-17 15:11:28,753 [localhost-startStop-1] [org.springframework.web.servlet.mvc.method.annotation.RequestMappingHandlerMapping] [INFO] - Mapped "{[/test/success],methods=[],params=[],headers=[],consumes=[],produces=[],custom=[]}" onto public java.lang.String com.zy.controller.PingPingPlusTest.success(java.lang.Object)
2018-01-17 15:11:28,753 [localhost-startStop-1] [org.springframework.web.servlet.mvc.method.annotation.RequestMappingHandlerMapping] [INFO] - Mapped "{[/test/order/webhook],methods=[POST],params=[],headers=[],consumes=[],produces=[],custom=[]}" onto public java.lang.String com.zy.controller.PingPingPlusTest.testtt(java.lang.String)
2018-01-17 15:11:28,754 [localhost-startStop-1] [org.springframework.web.servlet.mvc.method.annotation.RequestMappingHandlerMapping] [INFO] - Mapped "{[/index],methods=[],params=[],headers=[],consumes=[],produces=[],custom=[]}" onto public java.lang.String com.zy.controller.TestController.index(javax.servlet.http.HttpServletRequest,javax.servlet.http.HttpServletRequest)
2018-01-17 15:11:28,976 [localhost-startStop-1] [org.springframework.web.servlet.mvc.method.annotation.RequestMappingHandlerAdapter] [INFO] - Looking for @ControllerAdvice: WebApplicationContext for namespace 'dispatcher-servlet': startup date [Wed Jan 17 15:11:28 CST 2018]; root of context hierarchy
2018-01-17 15:11:29,035 [localhost-startStop-1] [org.springframework.web.servlet.mvc.method.annotation.RequestMappingHandlerAdapter] [INFO] - Looking for @ControllerAdvice: WebApplicationContext for namespace 'dispatcher-servlet': startup date [Wed Jan 17 15:11:28 CST 2018]; root of context hierarchy
2018-01-17 15:11:29,177 [localhost-startStop-1] [org.springframework.web.servlet.DispatcherServlet] [INFO] - FrameworkServlet 'dispatcher': initialization completed in 1003 ms
2018-01-17 15:11:36,980 [localhost-startStop-1] [org.springframework.web.servlet.DispatcherServlet] [INFO] - FrameworkServlet 'dispatcher': initialization started
2018-01-17 15:11:37,000 [localhost-startStop-1] [org.springframework.web.context.support.XmlWebApplicationContext] [INFO] - Refreshing WebApplicationContext for namespace 'dispatcher-servlet': startup date [Wed Jan 17 15:11:37 CST 2018]; root of context hierarchy
2018-01-17 15:11:37,042 [localhost-startStop-1] [org.springframework.beans.factory.xml.XmlBeanDefinitionReader] [INFO] - Loading XML bean definitions from URL [file:/F:/study/apache-tomcat-7.0.82-src/webapps/webest-1.0-SNAPSHOT/WEB-INF/classes/spring-mvc.xml]
2018-01-17 15:11:37,477 [localhost-startStop-1] [org.springframework.web.servlet.mvc.method.annotation.RequestMappingHandlerMapping] [INFO] - Mapped "{[/],methods=[],params=[],headers=[],consumes=[],produces=[],custom=[]}" onto public java.lang.String com.zy.controller.IndexController.index(org.springframework.ui.Model)
2018-01-17 15:11:37,478 [localhost-startStop-1] [org.springframework.web.servlet.mvc.method.annotation.RequestMappingHandlerMapping] [INFO] - Mapped "{[/index1],methods=[],params=[],headers=[],consumes=[],produces=[],custom=[]}" onto public java.lang.String com.zy.controller.IndexController.index1(org.springframework.ui.Model)
2018-01-17 15:11:37,485 [localhost-startStop-1] [org.springframework.web.servlet.mvc.method.annotation.RequestMappingHandlerMapping] [INFO] - Mapped "{[/test/fail],methods=[POST],params=[],headers=[],consumes=[],produces=[],custom=[]}" onto public java.lang.String com.zy.controller.PingPingPlusTest.fail(java.lang.Object)
2018-01-17 15:11:37,485 [localhost-startStop-1] [org.springframework.web.servlet.mvc.method.annotation.RequestMappingHandlerMapping] [INFO] - Mapped "{[/test/test1],methods=[],params=[],headers=[],consumes=[],produces=[],custom=[]}" onto public java.lang.String com.zy.controller.PingPingPlusTest.test()
2018-01-17 15:11:37,485 [localhost-startStop-1] [org.springframework.web.servlet.mvc.method.annotation.RequestMappingHandlerMapping] [INFO] - Mapped "{[/test/success],methods=[],params=[],headers=[],consumes=[],produces=[],custom=[]}" onto public java.lang.String com.zy.controller.PingPingPlusTest.success(java.lang.Object)
2018-01-17 15:11:37,485 [localhost-startStop-1] [org.springframework.web.servlet.mvc.method.annotation.RequestMappingHandlerMapping] [INFO] - Mapped "{[/test/order/webhook],methods=[POST],params=[],headers=[],consumes=[],produces=[],custom=[]}" onto public java.lang.String com.zy.controller.PingPingPlusTest.testtt(java.lang.String)
2018-01-17 15:11:37,486 [localhost-startStop-1] [org.springframework.web.servlet.mvc.method.annotation.RequestMappingHandlerMapping] [INFO] - Mapped "{[/index],methods=[],params=[],headers=[],consumes=[],produces=[],custom=[]}" onto public java.lang.String com.zy.controller.TestController.index(javax.servlet.http.HttpServletRequest,javax.servlet.http.HttpServletRequest)
2018-01-17 15:11:37,675 [localhost-startStop-1] [org.springframework.web.servlet.mvc.method.annotation.RequestMappingHandlerAdapter] [INFO] - Looking for @ControllerAdvice: WebApplicationContext for namespace 'dispatcher-servlet': startup date [Wed Jan 17 15:11:37 CST 2018]; root of context hierarchy
2018-01-17 15:11:37,736 [localhost-startStop-1] [org.springframework.web.servlet.mvc.method.annotation.RequestMappingHandlerAdapter] [INFO] - Looking for @ControllerAdvice: WebApplicationContext for namespace 'dispatcher-servlet': startup date [Wed Jan 17 15:11:37 CST 2018]; root of context hierarchy
2018-01-17 15:11:37,851 [localhost-startStop-1] [org.springframework.web.servlet.DispatcherServlet] [INFO] - FrameworkServlet 'dispatcher': initialization completed in 869 ms
2018-01-17 15:11:54,939 [http-bio-12309-exec-1] [org.springframework.web.servlet.PageNotFound] [WARN] - No mapping found for HTTP request with URI [/mvc/pay/payOrder] in DispatcherServlet with name 'dispatcher'
2018-01-17 15:13:25,794 [http-bio-12309-exec-5] [org.springframework.web.servlet.PageNotFound] [WARN] - No mapping found for HTTP request with URI [/mvc/ping/afterpayLive] in DispatcherServlet with name 'dispatcher'
2018-01-17 15:13:55,540 [localhost-startStop-1] [org.springframework.web.servlet.DispatcherServlet] [INFO] - FrameworkServlet 'dispatcher': initialization started
2018-01-17 15:13:55,562 [localhost-startStop-1] [org.springframework.web.context.support.XmlWebApplicationContext] [INFO] - Refreshing WebApplicationContext for namespace 'dispatcher-servlet': startup date [Wed Jan 17 15:13:55 CST 2018]; root of context hierarchy
2018-01-17 15:13:55,605 [localhost-startStop-1] [org.springframework.beans.factory.xml.XmlBeanDefinitionReader] [INFO] - Loading XML bean definitions from URL [file:/F:/study/apache-tomcat-7.0.82-src/webapps/webest-1.0-SNAPSHOT/WEB-INF/classes/spring-mvc.xml]
2018-01-17 15:13:56,088 [localhost-startStop-1] [org.springframework.web.servlet.mvc.method.annotation.RequestMappingHandlerMapping] [INFO] - Mapped "{[/],methods=[],params=[],headers=[],consumes=[],produces=[],custom=[]}" onto public java.lang.String com.zy.controller.IndexController.index(org.springframework.ui.Model)
2018-01-17 15:13:56,088 [localhost-startStop-1] [org.springframework.web.servlet.mvc.method.annotation.RequestMappingHandlerMapping] [INFO] - Mapped "{[/index1],methods=[],params=[],headers=[],consumes=[],produces=[],custom=[]}" onto public java.lang.String com.zy.controller.IndexController.index1(org.springframework.ui.Model)
2018-01-17 15:13:56,095 [localhost-startStop-1] [org.springframework.web.servlet.mvc.method.annotation.RequestMappingHandlerMapping] [INFO] - Mapped "{[/test/fail],methods=[POST],params=[],headers=[],consumes=[],produces=[],custom=[]}" onto public java.lang.String com.zy.controller.PingPingPlusTest.fail(java.lang.Object)
2018-01-17 15:13:56,095 [localhost-startStop-1] [org.springframework.web.servlet.mvc.method.annotation.RequestMappingHandlerMapping] [INFO] - Mapped "{[/test/test1],methods=[],params=[],headers=[],consumes=[],produces=[],custom=[]}" onto public java.lang.String com.zy.controller.PingPingPlusTest.test()
2018-01-17 15:13:56,095 [localhost-startStop-1] [org.springframework.web.servlet.mvc.method.annotation.RequestMappingHandlerMapping] [INFO] - Mapped "{[/test/success],methods=[],params=[],headers=[],consumes=[],produces=[],custom=[]}" onto public java.lang.String com.zy.controller.PingPingPlusTest.success(java.lang.Object)
2018-01-17 15:13:56,096 [localhost-startStop-1] [org.springframework.web.servlet.mvc.method.annotation.RequestMappingHandlerMapping] [INFO] - Mapped "{[/test/order/webhook],methods=[POST],params=[],headers=[],consumes=[],produces=[],custom=[]}" onto public java.lang.String com.zy.controller.PingPingPlusTest.testtt(java.lang.String)
2018-01-17 15:13:56,096 [localhost-startStop-1] [org.springframework.web.servlet.mvc.method.annotation.RequestMappingHandlerMapping] [INFO] - Mapped "{[/index],methods=[],params=[],headers=[],consumes=[],produces=[],custom=[]}" onto public java.lang.String com.zy.controller.TestController.index(javax.servlet.http.HttpServletRequest,javax.servlet.http.HttpServletRequest)
2018-01-17 15:13:56,303 [localhost-startStop-1] [org.springframework.web.servlet.mvc.method.annotation.RequestMappingHandlerAdapter] [INFO] - Looking for @ControllerAdvice: WebApplicationContext for namespace 'dispatcher-servlet': startup date [Wed Jan 17 15:13:55 CST 2018]; root of context hierarchy
2018-01-17 15:13:56,359 [localhost-startStop-1] [org.springframework.web.servlet.mvc.method.annotation.RequestMappingHandlerAdapter] [INFO] - Looking for @ControllerAdvice: WebApplicationContext for namespace 'dispatcher-servlet': startup date [Wed Jan 17 15:13:55 CST 2018]; root of context hierarchy
2018-01-17 15:13:56,472 [localhost-startStop-1] [org.springframework.web.servlet.DispatcherServlet] [INFO] - FrameworkServlet 'dispatcher': initialization completed in 930 ms
2018-01-17 15:21:46,885 [localhost-startStop-1] [org.springframework.web.servlet.DispatcherServlet] [INFO] - FrameworkServlet 'dispatcher': initialization started
2018-01-17 15:21:46,909 [localhost-startStop-1] [org.springframework.web.context.support.XmlWebApplicationContext] [INFO] - Refreshing WebApplicationContext for namespace 'dispatcher-servlet': startup date [Wed Jan 17 15:21:46 CST 2018]; root of context hierarchy
2018-01-17 15:21:46,954 [localhost-startStop-1] [org.springframework.beans.factory.xml.XmlBeanDefinitionReader] [INFO] - Loading XML bean definitions from URL [file:/F:/study/apache-tomcat-7.0.82-src/webapps/webest-1.0-SNAPSHOT/WEB-INF/classes/spring-mvc.xml]
2018-01-17 15:21:47,495 [localhost-startStop-1] [org.springframework.web.servlet.mvc.method.annotation.RequestMappingHandlerMapping] [INFO] - Mapped "{[/],methods=[],params=[],headers=[],consumes=[],produces=[],custom=[]}" onto public java.lang.String com.zy.controller.IndexController.index(org.springframework.ui.Model)
2018-01-17 15:21:47,495 [localhost-startStop-1] [org.springframework.web.servlet.mvc.method.annotation.RequestMappingHandlerMapping] [INFO] - Mapped "{[/index1],methods=[],params=[],headers=[],consumes=[],produces=[],custom=[]}" onto public java.lang.String com.zy.controller.IndexController.index1(org.springframework.ui.Model)
2018-01-17 15:21:47,502 [localhost-startStop-1] [org.springframework.web.servlet.mvc.method.annotation.RequestMappingHandlerMapping] [INFO] - Mapped "{[/test/fail],methods=[POST],params=[],headers=[],consumes=[],produces=[],custom=[]}" onto public java.lang.String com.zy.controller.PingPingPlusTest.fail(java.lang.Object)
2018-01-17 15:21:47,502 [localhost-startStop-1] [org.springframework.web.servlet.mvc.method.annotation.RequestMappingHandlerMapping] [INFO] - Mapped "{[/test/test1],methods=[],params=[],headers=[],consumes=[],produces=[],custom=[]}" onto public java.lang.String com.zy.controller.PingPingPlusTest.test()
2018-01-17 15:21:47,503 [localhost-startStop-1] [org.springframework.web.servlet.mvc.method.annotation.RequestMappingHandlerMapping] [INFO] - Mapped "{[/test/success],methods=[],params=[],headers=[],consumes=[],produces=[],custom=[]}" onto public java.lang.String com.zy.controller.PingPingPlusTest.success(java.lang.Object)
2018-01-17 15:21:47,503 [localhost-startStop-1] [org.springframework.web.servlet.mvc.method.annotation.RequestMappingHandlerMapping] [INFO] - Mapped "{[/test/order/webhook],methods=[POST],params=[],headers=[],consumes=[],produces=[],custom=[]}" onto public java.lang.String com.zy.controller.PingPingPlusTest.testtt(java.lang.String)
2018-01-17 15:21:47,503 [localhost-startStop-1] [org.springframework.web.servlet.mvc.method.annotation.RequestMappingHandlerMapping] [INFO] - Mapped "{[/index],methods=[],params=[],headers=[],consumes=[],produces=[],custom=[]}" onto public java.lang.String com.zy.controller.TestController.index(javax.servlet.http.HttpServletRequest,javax.servlet.http.HttpServletRequest)
2018-01-17 15:21:47,706 [localhost-startStop-1] [org.springframework.web.servlet.mvc.method.annotation.RequestMappingHandlerAdapter] [INFO] - Looking for @ControllerAdvice: WebApplicationContext for namespace 'dispatcher-servlet': startup date [Wed Jan 17 15:21:46 CST 2018]; root of context hierarchy
2018-01-17 15:21:47,763 [localhost-startStop-1] [org.springframework.web.servlet.mvc.method.annotation.RequestMappingHandlerAdapter] [INFO] - Looking for @ControllerAdvice: WebApplicationContext for namespace 'dispatcher-servlet': startup date [Wed Jan 17 15:21:46 CST 2018]; root of context hierarchy
2018-01-17 15:21:47,921 [localhost-startStop-1] [org.springframework.web.servlet.DispatcherServlet] [INFO] - FrameworkServlet 'dispatcher': initialization completed in 1034 ms
2018-01-17 15:43:35,189 [localhost-startStop-1] [org.springframework.web.servlet.DispatcherServlet] [INFO] - FrameworkServlet 'dispatcher': initialization started
2018-01-17 15:43:35,210 [localhost-startStop-1] [org.springframework.web.context.support.XmlWebApplicationContext] [INFO] - Refreshing WebApplicationContext for namespace 'dispatcher-servlet': startup date [Wed Jan 17 15:43:35 CST 2018]; root of context hierarchy
2018-01-17 15:43:35,255 [localhost-startStop-1] [org.springframework.beans.factory.xml.XmlBeanDefinitionReader] [INFO] - Loading XML bean definitions from URL [file:/F:/study/apache-tomcat-7.0.82-src/webapps/webest-1.0-SNAPSHOT/WEB-INF/classes/spring-mvc.xml]
2018-01-17 15:43:35,766 [localhost-startStop-1] [org.springframework.web.servlet.mvc.method.annotation.RequestMappingHandlerMapping] [INFO] - Mapped "{[/],methods=[],params=[],headers=[],consumes=[],produces=[],custom=[]}" onto public java.lang.String com.zy.controller.IndexController.index(org.springframework.ui.Model)
2018-01-17 15:43:35,766 [localhost-startStop-1] [org.springframework.web.servlet.mvc.method.annotation.RequestMappingHandlerMapping] [INFO] - Mapped "{[/index1],methods=[],params=[],headers=[],consumes=[],produces=[],custom=[]}" onto public java.lang.String com.zy.controller.IndexController.index1(org.springframework.ui.Model)
2018-01-17 15:43:35,774 [localhost-startStop-1] [org.springframework.web.servlet.mvc.method.annotation.RequestMappingHandlerMapping] [INFO] - Mapped "{[/test/fail],methods=[POST],params=[],headers=[],consumes=[],produces=[],custom=[]}" onto public java.lang.String com.zy.controller.PingPingPlusTest.fail(java.lang.Object)
2018-01-17 15:43:35,774 [localhost-startStop-1] [org.springframework.web.servlet.mvc.method.annotation.RequestMappingHandlerMapping] [INFO] - Mapped "{[/test/test1],methods=[],params=[],headers=[],consumes=[],produces=[],custom=[]}" onto public java.lang.String com.zy.controller.PingPingPlusTest.test()
2018-01-17 15:43:35,774 [localhost-startStop-1] [org.springframework.web.servlet.mvc.method.annotation.RequestMappingHandlerMapping] [INFO] - Mapped "{[/test/success],methods=[],params=[],headers=[],consumes=[],produces=[],custom=[]}" onto public java.lang.String com.zy.controller.PingPingPlusTest.success(java.lang.Object)
2018-01-17 15:43:35,774 [localhost-startStop-1] [org.springframework.web.servlet.mvc.method.annotation.RequestMappingHandlerMapping] [INFO] - Mapped "{[/test/order/webhook],methods=[POST],params=[],headers=[],consumes=[],produces=[],custom=[]}" onto public java.lang.String com.zy.controller.PingPingPlusTest.testtt(java.lang.String)
2018-01-17 15:43:35,775 [localhost-startStop-1] [org.springframework.web.servlet.mvc.method.annotation.RequestMappingHandlerMapping] [INFO] - Mapped "{[/index],methods=[],params=[],headers=[],consumes=[],produces=[],custom=[]}" onto public java.lang.String com.zy.controller.TestController.index(javax.servlet.http.HttpServletRequest,javax.servlet.http.HttpServletRequest)
2018-01-17 15:43:35,987 [localhost-startStop-1] [org.springframework.web.servlet.mvc.method.annotation.RequestMappingHandlerAdapter] [INFO] - Looking for @ControllerAdvice: WebApplicationContext for namespace 'dispatcher-servlet': startup date [Wed Jan 17 15:43:35 CST 2018]; root of context hierarchy
2018-01-17 15:43:36,042 [localhost-startStop-1] [org.springframework.web.servlet.mvc.method.annotation.RequestMappingHandlerAdapter] [INFO] - Looking for @ControllerAdvice: WebApplicationContext for namespace 'dispatcher-servlet': startup date [Wed Jan 17 15:43:35 CST 2018]; root of context hierarchy
2018-01-17 15:43:36,156 [localhost-startStop-1] [org.springframework.web.servlet.DispatcherServlet] [INFO] - FrameworkServlet 'dispatcher': initialization completed in 965 ms
2018-01-17 15:47:21,292 [localhost-startStop-1] [org.springframework.web.servlet.DispatcherServlet] [INFO] - FrameworkServlet 'dispatcher': initialization started
2018-01-17 15:47:21,316 [localhost-startStop-1] [org.springframework.web.context.support.XmlWebApplicationContext] [INFO] - Refreshing WebApplicationContext for namespace 'dispatcher-servlet': startup date [Wed Jan 17 15:47:21 CST 2018]; root of context hierarchy
2018-01-17 15:47:21,365 [localhost-startStop-1] [org.springframework.beans.factory.xml.XmlBeanDefinitionReader] [INFO] - Loading XML bean definitions from URL [file:/F:/study/apache-tomcat-7.0.82-src/webapps/webest-1.0-SNAPSHOT/WEB-INF/classes/spring-mvc.xml]
2018-01-17 15:47:21,920 [localhost-startStop-1] [org.springframework.web.servlet.mvc.method.annotation.RequestMappingHandlerMapping] [INFO] - Mapped "{[/],methods=[],params=[],headers=[],consumes=[],produces=[],custom=[]}" onto public java.lang.String com.zy.controller.IndexController.index(org.springframework.ui.Model)
2018-01-17 15:47:21,920 [localhost-startStop-1] [org.springframework.web.servlet.mvc.method.annotation.RequestMappingHandlerMapping] [INFO] - Mapped "{[/index1],methods=[],params=[],headers=[],consumes=[],produces=[],custom=[]}" onto public java.lang.String com.zy.controller.IndexController.index1(org.springframework.ui.Model)
2018-01-17 15:47:21,930 [localhost-startStop-1] [org.springframework.web.servlet.mvc.method.annotation.RequestMappingHandlerMapping] [INFO] - Mapped "{[/test/fail],methods=[POST],params=[],headers=[],consumes=[],produces=[],custom=[]}" onto public java.lang.String com.zy.controller.PingPingPlusTest.fail(java.lang.Object)
2018-01-17 15:47:21,930 [localhost-startStop-1] [org.springframework.web.servlet.mvc.method.annotation.RequestMappingHandlerMapping] [INFO] - Mapped "{[/test/test1],methods=[],params=[],headers=[],consumes=[],produces=[],custom=[]}" onto public java.lang.String com.zy.controller.PingPingPlusTest.test()
2018-01-17 15:47:21,930 [localhost-startStop-1] [org.springframework.web.servlet.mvc.method.annotation.RequestMappingHandlerMapping] [INFO] - Mapped "{[/test/success],methods=[],params=[],headers=[],consumes=[],produces=[],custom=[]}" onto public java.lang.String com.zy.controller.PingPingPlusTest.success(java.lang.Object)
2018-01-17 15:47:21,930 [localhost-startStop-1] [org.springframework.web.servlet.mvc.method.annotation.RequestMappingHandlerMapping] [INFO] - Mapped "{[/test/order/webhook],methods=[POST],params=[],headers=[],consumes=[],produces=[],custom=[]}" onto public java.lang.String com.zy.controller.PingPingPlusTest.testtt(java.lang.String)
2018-01-17 15:47:21,931 [localhost-startStop-1] [org.springframework.web.servlet.mvc.method.annotation.RequestMappingHandlerMapping] [INFO] - Mapped "{[/index],methods=[],params=[],headers=[],consumes=[],produces=[],custom=[]}" onto public java.lang.String com.zy.controller.TestController.index(javax.servlet.http.HttpServletRequest,javax.servlet.http.HttpServletRequest)
2018-01-17 15:47:22,166 [localhost-startStop-1] [org.springframework.web.servlet.mvc.method.annotation.RequestMappingHandlerAdapter] [INFO] - Looking for @ControllerAdvice: WebApplicationContext for namespace 'dispatcher-servlet': startup date [Wed Jan 17 15:47:21 CST 2018]; root of context hierarchy
2018-01-17 15:47:22,231 [localhost-startStop-1] [org.springframework.web.servlet.mvc.method.annotation.RequestMappingHandlerAdapter] [INFO] - Looking for @ControllerAdvice: WebApplicationContext for namespace 'dispatcher-servlet': startup date [Wed Jan 17 15:47:21 CST 2018]; root of context hierarchy
2018-01-17 15:47:22,361 [localhost-startStop-1] [org.springframework.web.servlet.DispatcherServlet] [INFO] - FrameworkServlet 'dispatcher': initialization completed in 1066 ms
2018-01-17 15:48:33,710 [localhost-startStop-1] [org.springframework.web.servlet.DispatcherServlet] [INFO] - FrameworkServlet 'dispatcher': initialization started
2018-01-17 15:48:33,738 [localhost-startStop-1] [org.springframework.web.context.support.XmlWebApplicationContext] [INFO] - Refreshing WebApplicationContext for namespace 'dispatcher-servlet': startup date [Wed Jan 17 15:48:33 CST 2018]; root of context hierarchy
2018-01-17 15:48:33,830 [localhost-startStop-1] [org.springframework.beans.factory.xml.XmlBeanDefinitionReader] [INFO] - Loading XML bean definitions from URL [file:/F:/study/apache-tomcat-7.0.82-src/webapps/webest-1.0-SNAPSHOT/WEB-INF/classes/spring-mvc.xml]
2018-01-17 15:48:34,502 [localhost-startStop-1] [org.springframework.web.servlet.mvc.method.annotation.RequestMappingHandlerMapping] [INFO] - Mapped "{[/],methods=[],params=[],headers=[],consumes=[],produces=[],custom=[]}" onto public java.lang.String com.zy.controller.IndexController.index(org.springframework.ui.Model)
2018-01-17 15:48:34,503 [localhost-startStop-1] [org.springframework.web.servlet.mvc.method.annotation.RequestMappingHandlerMapping] [INFO] - Mapped "{[/index1],methods=[],params=[],headers=[],consumes=[],produces=[],custom=[]}" onto public java.lang.String com.zy.controller.IndexController.index1(org.springframework.ui.Model)
2018-01-17 15:48:34,510 [localhost-startStop-1] [org.springframework.web.servlet.mvc.method.annotation.RequestMappingHandlerMapping] [INFO] - Mapped "{[/test/fail],methods=[POST],params=[],headers=[],consumes=[],produces=[],custom=[]}" onto public java.lang.String com.zy.controller.PingPingPlusTest.fail(java.lang.Object)
2018-01-17 15:48:34,510 [localhost-startStop-1] [org.springframework.web.servlet.mvc.method.annotation.RequestMappingHandlerMapping] [INFO] - Mapped "{[/test/test1],methods=[],params=[],headers=[],consumes=[],produces=[],custom=[]}" onto public java.lang.String com.zy.controller.PingPingPlusTest.test()
2018-01-17 15:48:34,511 [localhost-startStop-1] [org.springframework.web.servlet.mvc.method.annotation.RequestMappingHandlerMapping] [INFO] - Mapped "{[/test/success],methods=[],params=[],headers=[],consumes=[],produces=[],custom=[]}" onto public java.lang.String com.zy.controller.PingPingPlusTest.success(java.lang.Object)
2018-01-17 15:48:34,511 [localhost-startStop-1] [org.springframework.web.servlet.mvc.method.annotation.RequestMappingHandlerMapping] [INFO] - Mapped "{[/test/order/webhook],methods=[POST],params=[],headers=[],consumes=[],produces=[],custom=[]}" onto public java.lang.String com.zy.controller.PingPingPlusTest.testtt(java.lang.String)
2018-01-17 15:48:34,512 [localhost-startStop-1] [org.springframework.web.servlet.mvc.method.annotation.RequestMappingHandlerMapping] [INFO] - Mapped "{[/index],methods=[],params=[],headers=[],consumes=[],produces=[],custom=[]}" onto public java.lang.String com.zy.controller.TestController.index(javax.servlet.http.HttpServletRequest,javax.servlet.http.HttpServletRequest)
2018-01-17 15:48:34,751 [localhost-startStop-1] [org.springframework.web.servlet.mvc.method.annotation.RequestMappingHandlerAdapter] [INFO] - Looking for @ControllerAdvice: WebApplicationContext for namespace 'dispatcher-servlet': startup date [Wed Jan 17 15:48:33 CST 2018]; root of context hierarchy
2018-01-17 15:48:34,813 [localhost-startStop-1] [org.springframework.web.servlet.mvc.method.annotation.RequestMappingHandlerAdapter] [INFO] - Looking for @ControllerAdvice: WebApplicationContext for namespace 'dispatcher-servlet': startup date [Wed Jan 17 15:48:33 CST 2018]; root of context hierarchy
2018-01-17 15:48:34,939 [localhost-startStop-1] [org.springframework.web.servlet.DispatcherServlet] [INFO] - FrameworkServlet 'dispatcher': initialization completed in 1226 ms
2018-01-17 15:49:42,927 [localhost-startStop-1] [org.springframework.web.servlet.DispatcherServlet] [INFO] - FrameworkServlet 'dispatcher': initialization started
2018-01-17 15:49:42,950 [localhost-startStop-1] [org.springframework.web.context.support.XmlWebApplicationContext] [INFO] - Refreshing WebApplicationContext for namespace 'dispatcher-servlet': startup date [Wed Jan 17 15:49:42 CST 2018]; root of context hierarchy
2018-01-17 15:49:42,997 [localhost-startStop-1] [org.springframework.beans.factory.xml.XmlBeanDefinitionReader] [INFO] - Loading XML bean definitions from URL [file:/F:/study/apache-tomcat-7.0.82-src/webapps/webest-1.0-SNAPSHOT/WEB-INF/classes/spring-mvc.xml]
2018-01-17 15:49:43,540 [localhost-startStop-1] [org.springframework.web.servlet.mvc.method.annotation.RequestMappingHandlerMapping] [INFO] - Mapped "{[/],methods=[],params=[],headers=[],consumes=[],produces=[],custom=[]}" onto public java.lang.String com.zy.controller.IndexController.index(org.springframework.ui.Model)
2018-01-17 15:49:43,540 [localhost-startStop-1] [org.springframework.web.servlet.mvc.method.annotation.RequestMappingHandlerMapping] [INFO] - Mapped "{[/index1],methods=[],params=[],headers=[],consumes=[],produces=[],custom=[]}" onto public java.lang.String com.zy.controller.IndexController.index1(org.springframework.ui.Model)
2018-01-17 15:49:43,548 [localhost-startStop-1] [org.springframework.web.servlet.mvc.method.annotation.RequestMappingHandlerMapping] [INFO] - Mapped "{[/test/fail],methods=[POST],params=[],headers=[],consumes=[],produces=[],custom=[]}" onto public java.lang.String com.zy.controller.PingPingPlusTest.fail(java.lang.Object)
2018-01-17 15:49:43,549 [localhost-startStop-1] [org.springframework.web.servlet.mvc.method.annotation.RequestMappingHandlerMapping] [INFO] - Mapped "{[/test/test1],methods=[],params=[],headers=[],consumes=[],produces=[],custom=[]}" onto public java.lang.String com.zy.controller.PingPingPlusTest.test()
2018-01-17 15:49:43,549 [localhost-startStop-1] [org.springframework.web.servlet.mvc.method.annotation.RequestMappingHandlerMapping] [INFO] - Mapped "{[/test/success],methods=[],params=[],headers=[],consumes=[],produces=[],custom=[]}" onto public java.lang.String com.zy.controller.PingPingPlusTest.success(java.lang.Object)
2018-01-17 15:49:43,549 [localhost-startStop-1] [org.springframework.web.servlet.mvc.method.annotation.RequestMappingHandlerMapping] [INFO] - Mapped "{[/test/order/webhook],methods=[POST],params=[],headers=[],consumes=[],produces=[],custom=[]}" onto public java.lang.String com.zy.controller.PingPingPlusTest.testtt(java.lang.String)
2018-01-17 15:49:43,550 [localhost-startStop-1] [org.springframework.web.servlet.mvc.method.annotation.RequestMappingHandlerMapping] [INFO] - Mapped "{[/index],methods=[],params=[],headers=[],consumes=[],produces=[],custom=[]}" onto public java.lang.String com.zy.controller.TestController.index(javax.servlet.http.HttpServletRequest,javax.servlet.http.HttpServletRequest)
2018-01-17 15:49:43,780 [localhost-startStop-1] [org.springframework.web.servlet.mvc.method.annotation.RequestMappingHandlerAdapter] [INFO] - Looking for @ControllerAdvice: WebApplicationContext for namespace 'dispatcher-servlet': startup date [Wed Jan 17 15:49:42 CST 2018]; root of context hierarchy
2018-01-17 15:49:43,842 [localhost-startStop-1] [org.springframework.web.servlet.mvc.method.annotation.RequestMappingHandlerAdapter] [INFO] - Looking for @ControllerAdvice: WebApplicationContext for namespace 'dispatcher-servlet': startup date [Wed Jan 17 15:49:42 CST 2018]; root of context hierarchy
2018-01-17 15:49:43,962 [localhost-startStop-1] [org.springframework.web.servlet.DispatcherServlet] [INFO] - FrameworkServlet 'dispatcher': initialization completed in 1032 ms
2018-01-17 15:53:00,637 [localhost-startStop-1] [org.springframework.web.servlet.DispatcherServlet] [INFO] - FrameworkServlet 'dispatcher': initialization started
2018-01-17 15:53:00,658 [localhost-startStop-1] [org.springframework.web.context.support.XmlWebApplicationContext] [INFO] - Refreshing WebApplicationContext for namespace 'dispatcher-servlet': startup date [Wed Jan 17 15:53:00 CST 2018]; root of context hierarchy
2018-01-17 15:53:00,723 [localhost-startStop-1] [org.springframework.beans.factory.xml.XmlBeanDefinitionReader] [INFO] - Loading XML bean definitions from URL [file:/F:/study/apache-tomcat-7.0.82-src/webapps/webest-1.0-SNAPSHOT/WEB-INF/classes/spring-mvc.xml]
2018-01-17 15:53:01,221 [localhost-startStop-1] [org.springframework.web.servlet.mvc.method.annotation.RequestMappingHandlerMapping] [INFO] - Mapped "{[/],methods=[],params=[],headers=[],consumes=[],produces=[],custom=[]}" onto public java.lang.String com.zy.controller.IndexController.index(org.springframework.ui.Model)
2018-01-17 15:53:01,222 [localhost-startStop-1] [org.springframework.web.servlet.mvc.method.annotation.RequestMappingHandlerMapping] [INFO] - Mapped "{[/index1],methods=[],params=[],headers=[],consumes=[],produces=[],custom=[]}" onto public java.lang.String com.zy.controller.IndexController.index1(org.springframework.ui.Model)
2018-01-17 15:53:01,229 [localhost-startStop-1] [org.springframework.web.servlet.mvc.method.annotation.RequestMappingHandlerMapping] [INFO] - Mapped "{[/test/fail],methods=[POST],params=[],headers=[],consumes=[],produces=[],custom=[]}" onto public java.lang.String com.zy.controller.PingPingPlusTest.fail(java.lang.Object)
2018-01-17 15:53:01,230 [localhost-startStop-1] [org.springframework.web.servlet.mvc.method.annotation.RequestMappingHandlerMapping] [INFO] - Mapped "{[/test/test1],methods=[],params=[],headers=[],consumes=[],produces=[],custom=[]}" onto public java.lang.String com.zy.controller.PingPingPlusTest.test()
2018-01-17 15:53:01,230 [localhost-startStop-1] [org.springframework.web.servlet.mvc.method.annotation.RequestMappingHandlerMapping] [INFO] - Mapped "{[/test/success],methods=[],params=[],headers=[],consumes=[],produces=[],custom=[]}" onto public java.lang.String com.zy.controller.PingPingPlusTest.success(java.lang.Object)
2018-01-17 15:53:01,230 [localhost-startStop-1] [org.springframework.web.servlet.mvc.method.annotation.RequestMappingHandlerMapping] [INFO] - Mapped "{[/test/order/webhook],methods=[POST],params=[],headers=[],consumes=[],produces=[],custom=[]}" onto public java.lang.String com.zy.controller.PingPingPlusTest.testtt(java.lang.String)
2018-01-17 15:53:01,231 [localhost-startStop-1] [org.springframework.web.servlet.mvc.method.annotation.RequestMappingHandlerMapping] [INFO] - Mapped "{[/index],methods=[],params=[],headers=[],consumes=[],produces=[],custom=[]}" onto public java.lang.String com.zy.controller.TestController.index(javax.servlet.http.HttpServletRequest,javax.servlet.http.HttpServletRequest)
2018-01-17 15:53:01,441 [localhost-startStop-1] [org.springframework.web.servlet.mvc.method.annotation.RequestMappingHandlerAdapter] [INFO] - Looking for @ControllerAdvice: WebApplicationContext for namespace 'dispatcher-servlet': startup date [Wed Jan 17 15:53:00 CST 2018]; root of context hierarchy
2018-01-17 15:53:01,501 [localhost-startStop-1] [org.springframework.web.servlet.mvc.method.annotation.RequestMappingHandlerAdapter] [INFO] - Looking for @ControllerAdvice: WebApplicationContext for namespace 'dispatcher-servlet': startup date [Wed Jan 17 15:53:00 CST 2018]; root of context hierarchy
2018-01-17 15:53:01,621 [localhost-startStop-1] [org.springframework.web.servlet.DispatcherServlet] [INFO] - FrameworkServlet 'dispatcher': initialization completed in 981 ms
2018-01-17 15:54:39,966 [localhost-startStop-1] [org.springframework.web.servlet.DispatcherServlet] [INFO] - FrameworkServlet 'dispatcher': initialization started
2018-01-17 15:54:39,987 [localhost-startStop-1] [org.springframework.web.context.support.XmlWebApplicationContext] [INFO] - Refreshing WebApplicationContext for namespace 'dispatcher-servlet': startup date [Wed Jan 17 15:54:39 CST 2018]; root of context hierarchy
2018-01-17 15:54:40,035 [localhost-startStop-1] [org.springframework.beans.factory.xml.XmlBeanDefinitionReader] [INFO] - Loading XML bean definitions from URL [file:/F:/study/apache-tomcat-7.0.82-src/webapps/webest-1.0-SNAPSHOT/WEB-INF/classes/spring-mvc.xml]
2018-01-17 15:54:40,535 [localhost-startStop-1] [org.springframework.web.servlet.mvc.method.annotation.RequestMappingHandlerMapping] [INFO] - Mapped "{[/],methods=[],params=[],headers=[],consumes=[],produces=[],custom=[]}" onto public java.lang.String com.zy.controller.IndexController.index(org.springframework.ui.Model)
2018-01-17 15:54:40,536 [localhost-startStop-1] [org.springframework.web.servlet.mvc.method.annotation.RequestMappingHandlerMapping] [INFO] - Mapped "{[/index1],methods=[],params=[],headers=[],consumes=[],produces=[],custom=[]}" onto public java.lang.String com.zy.controller.IndexController.index1(org.springframework.ui.Model)
2018-01-17 15:54:40,543 [localhost-startStop-1] [org.springframework.web.servlet.mvc.method.annotation.RequestMappingHandlerMapping] [INFO] - Mapped "{[/test/fail],methods=[POST],params=[],headers=[],consumes=[],produces=[],custom=[]}" onto public java.lang.String com.zy.controller.PingPingPlusTest.fail(java.lang.Object)
2018-01-17 15:54:40,543 [localhost-startStop-1] [org.springframework.web.servlet.mvc.method.annotation.RequestMappingHandlerMapping] [INFO] - Mapped "{[/test/test1],methods=[],params=[],headers=[],consumes=[],produces=[],custom=[]}" onto public java.lang.String com.zy.controller.PingPingPlusTest.test()
2018-01-17 15:54:40,543 [localhost-startStop-1] [org.springframework.web.servlet.mvc.method.annotation.RequestMappingHandlerMapping] [INFO] - Mapped "{[/test/success],methods=[],params=[],headers=[],consumes=[],produces=[],custom=[]}" onto public java.lang.String com.zy.controller.PingPingPlusTest.success(java.lang.Object)
2018-01-17 15:54:40,543 [localhost-startStop-1] [org.springframework.web.servlet.mvc.method.annotation.RequestMappingHandlerMapping] [INFO] - Mapped "{[/test/order/webhook],methods=[POST],params=[],headers=[],consumes=[],produces=[],custom=[]}" onto public java.lang.String com.zy.controller.PingPingPlusTest.testtt(java.lang.String)
2018-01-17 15:54:40,544 [localhost-startStop-1] [org.springframework.web.servlet.mvc.method.annotation.RequestMappingHandlerMapping] [INFO] - Mapped "{[/index],methods=[],params=[],headers=[],consumes=[],produces=[],custom=[]}" onto public java.lang.String com.zy.controller.TestController.index(javax.servlet.http.HttpServletRequest,javax.servlet.http.HttpServletRequest)
2018-01-17 15:54:40,761 [localhost-startStop-1] [org.springframework.web.servlet.mvc.method.annotation.RequestMappingHandlerAdapter] [INFO] - Looking for @ControllerAdvice: WebApplicationContext for namespace 'dispatcher-servlet': startup date [Wed Jan 17 15:54:39 CST 2018]; root of context hierarchy
2018-01-17 15:54:40,855 [localhost-startStop-1] [org.springframework.web.servlet.mvc.method.annotation.RequestMappingHandlerAdapter] [INFO] - Looking for @ControllerAdvice: WebApplicationContext for namespace 'dispatcher-servlet': startup date [Wed Jan 17 15:54:39 CST 2018]; root of context hierarchy
2018-01-17 15:54:40,969 [localhost-startStop-1] [org.springframework.web.servlet.DispatcherServlet] [INFO] - FrameworkServlet 'dispatcher': initialization completed in 1000 ms
2018-01-17 15:57:42,000 [localhost-startStop-1] [org.springframework.web.servlet.DispatcherServlet] [INFO] - FrameworkServlet 'dispatcher': initialization started
2018-01-17 15:57:42,027 [localhost-startStop-1] [org.springframework.web.context.support.XmlWebApplicationContext] [INFO] - Refreshing WebApplicationContext for namespace 'dispatcher-servlet': startup date [Wed Jan 17 15:57:42 CST 2018]; root of context hierarchy
2018-01-17 15:57:42,073 [localhost-startStop-1] [org.springframework.beans.factory.xml.XmlBeanDefinitionReader] [INFO] - Loading XML bean definitions from URL [file:/F:/study/apache-tomcat-7.0.82-src/webapps/webest-1.0-SNAPSHOT/WEB-INF/classes/spring-mvc.xml]
2018-01-17 15:57:42,630 [localhost-startStop-1] [org.springframework.web.servlet.mvc.method.annotation.RequestMappingHandlerMapping] [INFO] - Mapped "{[/],methods=[],params=[],headers=[],consumes=[],produces=[],custom=[]}" onto public java.lang.String com.zy.controller.IndexController.index(org.springframework.ui.Model)
2018-01-17 15:57:42,630 [localhost-startStop-1] [org.springframework.web.servlet.mvc.method.annotation.RequestMappingHandlerMapping] [INFO] - Mapped "{[/index1],methods=[],params=[],headers=[],consumes=[],produces=[],custom=[]}" onto public java.lang.String com.zy.controller.IndexController.index1(org.springframework.ui.Model)
2018-01-17 15:57:42,638 [localhost-startStop-1] [org.springframework.web.servlet.mvc.method.annotation.RequestMappingHandlerMapping] [INFO] - Mapped "{[/test/fail],methods=[POST],params=[],headers=[],consumes=[],produces=[],custom=[]}" onto public java.lang.String com.zy.controller.PingPingPlusTest.fail(java.lang.Object)
2018-01-17 15:57:42,639 [localhost-startStop-1] [org.springframework.web.servlet.mvc.method.annotation.RequestMappingHandlerMapping] [INFO] - Mapped "{[/test/test1],methods=[],params=[],headers=[],consumes=[],produces=[],custom=[]}" onto public java.lang.String com.zy.controller.PingPingPlusTest.test()
2018-01-17 15:57:42,639 [localhost-startStop-1] [org.springframework.web.servlet.mvc.method.annotation.RequestMappingHandlerMapping] [INFO] - Mapped "{[/test/order/webhook],methods=[POST],params=[],headers=[],consumes=[],produces=[],custom=[]}" onto public java.lang.String com.zy.controller.PingPingPlusTest.testtt(java.lang.String)
2018-01-17 15:57:42,639 [localhost-startStop-1] [org.springframework.web.servlet.mvc.method.annotation.RequestMappingHandlerMapping] [INFO] - Mapped "{[/test/success],methods=[],params=[],headers=[],consumes=[],produces=[],custom=[]}" onto public java.lang.String com.zy.controller.PingPingPlusTest.success(java.lang.Object)
2018-01-17 15:57:42,640 [localhost-startStop-1] [org.springframework.web.servlet.mvc.method.annotation.RequestMappingHandlerMapping] [INFO] - Mapped "{[/index],methods=[],params=[],headers=[],consumes=[],produces=[],custom=[]}" onto public java.lang.String com.zy.controller.TestController.index(javax.servlet.http.HttpServletRequest,javax.servlet.http.HttpServletRequest)
2018-01-17 15:57:42,861 [localhost-startStop-1] [org.springframework.web.servlet.mvc.method.annotation.RequestMappingHandlerAdapter] [INFO] - Looking for @ControllerAdvice: WebApplicationContext for namespace 'dispatcher-servlet': startup date [Wed Jan 17 15:57:42 CST 2018]; root of context hierarchy
2018-01-17 15:57:42,928 [localhost-startStop-1] [org.springframework.web.servlet.mvc.method.annotation.RequestMappingHandlerAdapter] [INFO] - Looking for @ControllerAdvice: WebApplicationContext for namespace 'dispatcher-servlet': startup date [Wed Jan 17 15:57:42 CST 2018]; root of context hierarchy
2018-01-17 15:57:43,065 [localhost-startStop-1] [org.springframework.web.servlet.DispatcherServlet] [INFO] - FrameworkServlet 'dispatcher': initialization completed in 1062 ms
2018-01-17 15:58:50,734 [localhost-startStop-1] [org.springframework.web.servlet.DispatcherServlet] [INFO] - FrameworkServlet 'dispatcher': initialization started
2018-01-17 15:58:50,757 [localhost-startStop-1] [org.springframework.web.context.support.XmlWebApplicationContext] [INFO] - Refreshing WebApplicationContext for namespace 'dispatcher-servlet': startup date [Wed Jan 17 15:58:50 CST 2018]; root of context hierarchy
2018-01-17 15:58:50,807 [localhost-startStop-1] [org.springframework.beans.factory.xml.XmlBeanDefinitionReader] [INFO] - Loading XML bean definitions from URL [file:/F:/study/apache-tomcat-7.0.82-src/webapps/webest-1.0-SNAPSHOT/WEB-INF/classes/spring-mvc.xml]
2018-01-17 15:58:51,301 [localhost-startStop-1] [org.springframework.web.servlet.mvc.method.annotation.RequestMappingHandlerMapping] [INFO] - Mapped "{[/],methods=[],params=[],headers=[],consumes=[],produces=[],custom=[]}" onto public java.lang.String com.zy.controller.IndexController.index(org.springframework.ui.Model)
2018-01-17 15:58:51,301 [localhost-startStop-1] [org.springframework.web.servlet.mvc.method.annotation.RequestMappingHandlerMapping] [INFO] - Mapped "{[/index1],methods=[],params=[],headers=[],consumes=[],produces=[],custom=[]}" onto public java.lang.String com.zy.controller.IndexController.index1(org.springframework.ui.Model)
2018-01-17 15:58:51,309 [localhost-startStop-1] [org.springframework.web.servlet.mvc.method.annotation.RequestMappingHandlerMapping] [INFO] - Mapped "{[/test/fail],methods=[POST],params=[],headers=[],consumes=[],produces=[],custom=[]}" onto public java.lang.String com.zy.controller.PingPingPlusTest.fail(java.lang.Object)
2018-01-17 15:58:51,309 [localhost-startStop-1] [org.springframework.web.servlet.mvc.method.annotation.RequestMappingHandlerMapping] [INFO] - Mapped "{[/test/test1],methods=[],params=[],headers=[],consumes=[],produces=[],custom=[]}" onto public java.lang.String com.zy.controller.PingPingPlusTest.test()
2018-01-17 15:58:51,309 [localhost-startStop-1] [org.springframework.web.servlet.mvc.method.annotation.RequestMappingHandlerMapping] [INFO] - Mapped "{[/test/success],methods=[],params=[],headers=[],consumes=[],produces=[],custom=[]}" onto public java.lang.String com.zy.controller.PingPingPlusTest.success(java.lang.Object)
2018-01-17 15:58:51,309 [localhost-startStop-1] [org.springframework.web.servlet.mvc.method.annotation.RequestMappingHandlerMapping] [INFO] - Mapped "{[/test/order/webhook],methods=[POST],params=[],headers=[],consumes=[],produces=[],custom=[]}" onto public java.lang.String com.zy.controller.PingPingPlusTest.testtt(java.lang.String)
2018-01-17 15:58:51,310 [localhost-startStop-1] [org.springframework.web.servlet.mvc.method.annotation.RequestMappingHandlerMapping] [INFO] - Mapped "{[/index],methods=[],params=[],headers=[],consumes=[],produces=[],custom=[]}" onto public java.lang.String com.zy.controller.TestController.index(javax.servlet.http.HttpServletRequest,javax.servlet.http.HttpServletRequest)
2018-01-17 15:58:51,519 [localhost-startStop-1] [org.springframework.web.servlet.mvc.method.annotation.RequestMappingHandlerAdapter] [INFO] - Looking for @ControllerAdvice: WebApplicationContext for namespace 'dispatcher-servlet': startup date [Wed Jan 17 15:58:50 CST 2018]; root of context hierarchy
2018-01-17 15:58:51,579 [localhost-startStop-1] [org.springframework.web.servlet.mvc.method.annotation.RequestMappingHandlerAdapter] [INFO] - Looking for @ControllerAdvice: WebApplicationContext for namespace 'dispatcher-servlet': startup date [Wed Jan 17 15:58:50 CST 2018]; root of context hierarchy
2018-01-17 15:58:51,700 [localhost-startStop-1] [org.springframework.web.servlet.DispatcherServlet] [INFO] - FrameworkServlet 'dispatcher': initialization completed in 963 ms
2018-01-17 16:00:04,644 [localhost-startStop-1] [org.springframework.web.servlet.DispatcherServlet] [INFO] - FrameworkServlet 'dispatcher': initialization started
2018-01-17 16:00:04,668 [localhost-startStop-1] [org.springframework.web.context.support.XmlWebApplicationContext] [INFO] - Refreshing WebApplicationContext for namespace 'dispatcher-servlet': startup date [Wed Jan 17 16:00:04 CST 2018]; root of context hierarchy
2018-01-17 16:00:04,713 [localhost-startStop-1] [org.springframework.beans.factory.xml.XmlBeanDefinitionReader] [INFO] - Loading XML bean definitions from URL [file:/F:/study/apache-tomcat-7.0.82-src/webapps/webest-1.0-SNAPSHOT/WEB-INF/classes/spring-mvc.xml]
2018-01-17 16:00:05,204 [localhost-startStop-1] [org.springframework.web.servlet.mvc.method.annotation.RequestMappingHandlerMapping] [INFO] - Mapped "{[/],methods=[],params=[],headers=[],consumes=[],produces=[],custom=[]}" onto public java.lang.String com.zy.controller.IndexController.index(org.springframework.ui.Model)
2018-01-17 16:00:05,204 [localhost-startStop-1] [org.springframework.web.servlet.mvc.method.annotation.RequestMappingHandlerMapping] [INFO] - Mapped "{[/index1],methods=[],params=[],headers=[],consumes=[],produces=[],custom=[]}" onto public java.lang.String com.zy.controller.IndexController.index1(org.springframework.ui.Model)
2018-01-17 16:00:05,212 [localhost-startStop-1] [org.springframework.web.servlet.mvc.method.annotation.RequestMappingHandlerMapping] [INFO] - Mapped "{[/test/fail],methods=[POST],params=[],headers=[],consumes=[],produces=[],custom=[]}" onto public java.lang.String com.zy.controller.PingPingPlusTest.fail(java.lang.Object)
2018-01-17 16:00:05,212 [localhost-startStop-1] [org.springframework.web.servlet.mvc.method.annotation.RequestMappingHandlerMapping] [INFO] - Mapped "{[/test/test1],methods=[],params=[],headers=[],consumes=[],produces=[],custom=[]}" onto public java.lang.String com.zy.controller.PingPingPlusTest.test()
2018-01-17 16:00:05,212 [localhost-startStop-1] [org.springframework.web.servlet.mvc.method.annotation.RequestMappingHandlerMapping] [INFO] - Mapped "{[/test/success],methods=[],params=[],headers=[],consumes=[],produces=[],custom=[]}" onto public java.lang.String com.zy.controller.PingPingPlusTest.success(java.lang.Object)
2018-01-17 16:00:05,212 [localhost-startStop-1] [org.springframework.web.servlet.mvc.method.annotation.RequestMappingHandlerMapping] [INFO] - Mapped "{[/test/order/webhook],methods=[POST],params=[],headers=[],consumes=[],produces=[],custom=[]}" onto public java.lang.String com.zy.controller.PingPingPlusTest.testtt(java.lang.String)
2018-01-17 16:00:05,213 [localhost-startStop-1] [org.springframework.web.servlet.mvc.method.annotation.RequestMappingHandlerMapping] [INFO] - Mapped "{[/index],methods=[],params=[],headers=[],consumes=[],produces=[],custom=[]}" onto public java.lang.String com.zy.controller.TestController.index(javax.servlet.http.HttpServletRequest,javax.servlet.http.HttpServletRequest)
2018-01-17 16:00:05,416 [localhost-startStop-1] [org.springframework.web.servlet.mvc.method.annotation.RequestMappingHandlerAdapter] [INFO] - Looking for @ControllerAdvice: WebApplicationContext for namespace 'dispatcher-servlet': startup date [Wed Jan 17 16:00:04 CST 2018]; root of context hierarchy
2018-01-17 16:00:05,476 [localhost-startStop-1] [org.springframework.web.servlet.mvc.method.annotation.RequestMappingHandlerAdapter] [INFO] - Looking for @ControllerAdvice: WebApplicationContext for namespace 'dispatcher-servlet': startup date [Wed Jan 17 16:00:04 CST 2018]; root of context hierarchy
2018-01-17 16:00:05,590 [localhost-startStop-1] [org.springframework.web.servlet.DispatcherServlet] [INFO] - FrameworkServlet 'dispatcher': initialization completed in 944 ms
2018-01-17 16:02:35,796 [localhost-startStop-1] [org.springframework.web.servlet.DispatcherServlet] [INFO] - FrameworkServlet 'dispatcher': initialization started
2018-01-17 16:02:35,819 [localhost-startStop-1] [org.springframework.web.context.support.XmlWebApplicationContext] [INFO] - Refreshing WebApplicationContext for namespace 'dispatcher-servlet': startup date [Wed Jan 17 16:02:35 CST 2018]; root of context hierarchy
2018-01-17 16:02:35,865 [localhost-startStop-1] [org.springframework.beans.factory.xml.XmlBeanDefinitionReader] [INFO] - Loading XML bean definitions from URL [file:/F:/study/apache-tomcat-7.0.82-src/webapps/webest-1.0-SNAPSHOT/WEB-INF/classes/spring-mvc.xml]
2018-01-17 16:02:36,364 [localhost-startStop-1] [org.springframework.web.servlet.mvc.method.annotation.RequestMappingHandlerMapping] [INFO] - Mapped "{[/],methods=[],params=[],headers=[],consumes=[],produces=[],custom=[]}" onto public java.lang.String com.zy.controller.IndexController.index(org.springframework.ui.Model)
2018-01-17 16:02:36,364 [localhost-startStop-1] [org.springframework.web.servlet.mvc.method.annotation.RequestMappingHandlerMapping] [INFO] - Mapped "{[/index1],methods=[],params=[],headers=[],consumes=[],produces=[],custom=[]}" onto public java.lang.String com.zy.controller.IndexController.index1(org.springframework.ui.Model)
2018-01-17 16:02:36,372 [localhost-startStop-1] [org.springframework.web.servlet.mvc.method.annotation.RequestMappingHandlerMapping] [INFO] - Mapped "{[/test/fail],methods=[POST],params=[],headers=[],consumes=[],produces=[],custom=[]}" onto public java.lang.String com.zy.controller.PingPingPlusTest.fail(java.lang.Object)
2018-01-17 16:02:36,372 [localhost-startStop-1] [org.springframework.web.servlet.mvc.method.annotation.RequestMappingHandlerMapping] [INFO] - Mapped "{[/test/test1],methods=[],params=[],headers=[],consumes=[],produces=[],custom=[]}" onto public java.lang.String com.zy.controller.PingPingPlusTest.test()
2018-01-17 16:02:36,372 [localhost-startStop-1] [org.springframework.web.servlet.mvc.method.annotation.RequestMappingHandlerMapping] [INFO] - Mapped "{[/test/success],methods=[],params=[],headers=[],consumes=[],produces=[],custom=[]}" onto public java.lang.String com.zy.controller.PingPingPlusTest.success(java.lang.Object)
2018-01-17 16:02:36,372 [localhost-startStop-1] [org.springframework.web.servlet.mvc.method.annotation.RequestMappingHandlerMapping] [INFO] - Mapped "{[/test/order/webhook],methods=[POST],params=[],headers=[],consumes=[],produces=[],custom=[]}" onto public java.lang.String com.zy.controller.PingPingPlusTest.testtt(java.lang.String)
2018-01-17 16:02:36,373 [localhost-startStop-1] [org.springframework.web.servlet.mvc.method.annotation.RequestMappingHandlerMapping] [INFO] - Mapped "{[/index],methods=[],params=[],headers=[],consumes=[],produces=[],custom=[]}" onto public java.lang.String com.zy.controller.TestController.index(javax.servlet.http.HttpServletRequest,javax.servlet.http.HttpServletRequest)
2018-01-17 16:02:36,586 [localhost-startStop-1] [org.springframework.web.servlet.mvc.method.annotation.RequestMappingHandlerAdapter] [INFO] - Looking for @ControllerAdvice: WebApplicationContext for namespace 'dispatcher-servlet': startup date [Wed Jan 17 16:02:35 CST 2018]; root of context hierarchy
2018-01-17 16:02:36,642 [localhost-startStop-1] [org.springframework.web.servlet.mvc.method.annotation.RequestMappingHandlerAdapter] [INFO] - Looking for @ControllerAdvice: WebApplicationContext for namespace 'dispatcher-servlet': startup date [Wed Jan 17 16:02:35 CST 2018]; root of context hierarchy
2018-01-17 16:02:36,753 [localhost-startStop-1] [org.springframework.web.servlet.DispatcherServlet] [INFO] - FrameworkServlet 'dispatcher': initialization completed in 954 ms
